This file contains any messages produced by compilers while
running configure, to aid debugging if configure makes a mistake.

It was created by libgnome configure 2.32.1, which was
generated by GNU Autoconf 2.69.  Invocation command line was

  $ /dde/libgnome-2.32.1/./configure --build=x86_64-linux-gnu --prefix=/usr --includedir=${prefix}/include --mandir=${prefix}/share/man --infodir=${prefix}/share/info --sysconfdir=/etc --localstatedir=/var --libexecdir=${prefix}/lib/libgnome --srcdir=. --disable-maintainer-mode --disable-dependency-tracking --disable-silent-rules --enable-gtk-doc --libdir=${prefix}/lib/x86_64-linux-gnu

## --------- ##
## Platform. ##
## --------- ##

hostname = gfdgdxi-PC
uname -m = x86_64
uname -r = 6.1.32-amd64-desktop-hwe
uname -s = Linux
uname -v = #23.01.00.20 SMP PREEMPT_DYNAMIC Mon Sep 11 14:16:03 CST 2023

/usr/bin/uname -p = unknown
/bin/uname -X     = unknown

/bin/arch              = x86_64
/usr/bin/arch -k       = unknown
/usr/convex/getsysinfo = unknown
/usr/bin/hostinfo      = unknown
/bin/machine           = unknown
/usr/bin/oslevel       = unknown
/bin/universe          = unknown

PATH: /usr/local/sbin
PATH: /usr/local/bin
PATH: /usr/sbin
PATH: /usr/bin
PATH: /sbin
PATH: /bin


## ----------- ##
## Core tests. ##
## ----------- ##

configure:2418: checking for a BSD-compatible install
configure:2486: result: /usr/bin/install -c
configure:2497: checking whether build environment is sane
configure:2552: result: yes
configure:2698: checking for a thread-safe mkdir -p
configure:2737: result: /usr/bin/mkdir -p
configure:2744: checking for gawk
configure:2774: result: no
configure:2744: checking for mawk
configure:2760: found /usr/bin/mawk
configure:2771: result: mawk
configure:2782: checking whether make sets $(MAKE)
configure:2804: result: yes
configure:2833: checking whether make supports nested variables
configure:2850: result: yes
configure:2988: checking whether make supports nested variables
configure:3005: result: yes
configure:3021: checking whether to enable maintainer-specific portions of Makefiles
configure:3030: result: no
configure:3048: checking whether NLS is requested
configure:3057: result: yes
configure:3065: checking whether make supports the include directive
configure:3080: make -f confmf.GNU && cat confinc.out
make[1]: Entering directory '/dde/libgnome-2.32.1'
make[1]: Leaving directory '/dde/libgnome-2.32.1'
this is the am__doit target
configure:3083: $? = 0
configure:3102: result: yes (GNU style)
configure:3172: checking for gcc
configure:3188: found /usr/bin/gcc
configure:3199: result: gcc
configure:3428: checking for C compiler version
configure:3437: gcc --version >&5
gcc (Debian 10.2.1-6) 10.2.1 20210110
Copyright (C) 2020 Free Software Foundation, Inc.
This is free software; see the source for copying conditions.  There is NO
warranty; not even for MERCHANTABILITY or FITNESS FOR A PARTICULAR PURPOSE.

configure:3448: $? = 0
configure:3437: gcc -v >&5
Using built-in specs.
COLLECT_GCC=gcc
COLLECT_LTO_WRAPPER=/usr/lib/gcc/x86_64-linux-gnu/10/lto-wrapper
OFFLOAD_TARGET_NAMES=nvptx-none:amdgcn-amdhsa:hsa
OFFLOAD_TARGET_DEFAULT=1
Target: x86_64-linux-gnu
Configured with: ../src/configure -v --with-pkgversion='Debian 10.2.1-6' --with-bugurl=file:///usr/share/doc/gcc-10/README.Bugs --enable-languages=c,ada,c++,go,brig,d,fortran,objc,obj-c++,m2 --prefix=/usr --with-gcc-major-version-only --program-suffix=-10 --program-prefix=x86_64-linux-gnu- --enable-shared --enable-linker-build-id --libexecdir=/usr/lib --without-included-gettext --enable-threads=posix --libdir=/usr/lib --enable-nls --enable-bootstrap --enable-clocale=gnu --enable-libstdcxx-debug --enable-libstdcxx-time=yes --with-default-libstdcxx-abi=new --enable-gnu-unique-object --disable-vtable-verify --enable-plugin --enable-default-pie --with-system-zlib --enable-libphobos-checking=release --with-target-system-zlib=auto --enable-objc-gc=auto --enable-multiarch --disable-werror --with-arch-32=i686 --with-abi=m64 --with-multilib-list=m32,m64,mx32 --enable-multilib --with-tune=generic --enable-offload-targets=nvptx-none=/build/gcc-10-Km9U7s/gcc-10-10.2.1/debian/tmp-nvptx/usr,amdgcn-amdhsa=/build/gcc-10-Km9U7s/gcc-10-10.2.1/debian/tmp-gcn/usr,hsa --without-cuda-driver --enable-checking=release --build=x86_64-linux-gnu --host=x86_64-linux-gnu --target=x86_64-linux-gnu --with-build-config=bootstrap-lto-lean --enable-link-mutex
Thread model: posix
Supported LTO compression algorithms: zlib zstd
gcc version 10.2.1 20210110 (Debian 10.2.1-6) 
... rest of stderr output deleted ...
configure:3448: $? = 0
configure:3437: gcc -V >&5
gcc: error: unrecognized command-line option '-V'
gcc: fatal error: no input files
compilation terminated.
configure:3448: $? = 1
configure:3437: gcc -qversion >&5
gcc: error: unrecognized command-line option '-qversion'; did you mean '--version'?
gcc: fatal error: no input files
compilation terminated.
configure:3448: $? = 1
configure:3468: checking whether the C compiler works
configure:3490: gcc -g -O2 -ffile-prefix-map=/dde/libgnome-2.32.1=. -fstack-protector-strong -Wformat -Werror=format-security -include debian.h -Wdate-time -D_FORTIFY_SOURCE=2 -Wl,-z,relro -Wl,-z,defs -Wl,-O1 -Wl,--as-needed conftest.c  >&5
configure:3494: $? = 0
configure:3542: result: yes
configure:3545: checking for C compiler default output file name
configure:3547: result: a.out
configure:3553: checking for suffix of executables
configure:3560: gcc -o conftest -g -O2 -ffile-prefix-map=/dde/libgnome-2.32.1=. -fstack-protector-strong -Wformat -Werror=format-security -include debian.h -Wdate-time -D_FORTIFY_SOURCE=2 -Wl,-z,relro -Wl,-z,defs -Wl,-O1 -Wl,--as-needed conftest.c  >&5
configure:3564: $? = 0
configure:3586: result: 
configure:3608: checking whether we are cross compiling
configure:3616: gcc -o conftest -g -O2 -ffile-prefix-map=/dde/libgnome-2.32.1=. -fstack-protector-strong -Wformat -Werror=format-security -include debian.h -Wdate-time -D_FORTIFY_SOURCE=2 -Wl,-z,relro -Wl,-z,defs -Wl,-O1 -Wl,--as-needed conftest.c  >&5
configure:3620: $? = 0
configure:3627: ./conftest
configure:3631: $? = 0
configure:3646: result: no
configure:3651: checking for suffix of object files
configure:3673: gcc -c -g -O2 -ffile-prefix-map=/dde/libgnome-2.32.1=. -fstack-protector-strong -Wformat -Werror=format-security -include debian.h -Wdate-time -D_FORTIFY_SOURCE=2 conftest.c >&5
configure:3677: $? = 0
configure:3698: result: o
configure:3702: checking whether we are using the GNU C compiler
configure:3721: gcc -c -g -O2 -ffile-prefix-map=/dde/libgnome-2.32.1=. -fstack-protector-strong -Wformat -Werror=format-security -include debian.h -Wdate-time -D_FORTIFY_SOURCE=2 conftest.c >&5
configure:3721: $? = 0
configure:3730: result: yes
configure:3739: checking whether gcc accepts -g
configure:3759: gcc -c -g -Wdate-time -D_FORTIFY_SOURCE=2 conftest.c >&5
configure:3759: $? = 0
configure:3800: result: yes
configure:3817: checking for gcc option to accept ISO C89
configure:3880: gcc  -c -g -O2 -ffile-prefix-map=/dde/libgnome-2.32.1=. -fstack-protector-strong -Wformat -Werror=format-security -include debian.h -Wdate-time -D_FORTIFY_SOURCE=2 conftest.c >&5
configure:3880: $? = 0
configure:3893: result: none needed
configure:3918: checking whether gcc understands -c and -o together
configure:3940: gcc -c conftest.c -o conftest2.o
configure:3943: $? = 0
configure:3940: gcc -c conftest.c -o conftest2.o
configure:3943: $? = 0
configure:3955: result: yes
configure:3974: checking dependency style of gcc
configure:4085: result: none
configure:4112: checking for intltool >= 0.40.0
configure:4119: result: 0.51.0 found
configure:4127: checking for intltool-update
configure:4145: found /usr/bin/intltool-update
configure:4157: result: /usr/bin/intltool-update
configure:4167: checking for intltool-merge
configure:4185: found /usr/bin/intltool-merge
configure:4197: result: /usr/bin/intltool-merge
configure:4207: checking for intltool-extract
configure:4225: found /usr/bin/intltool-extract
configure:4237: result: /usr/bin/intltool-extract
configure:4368: checking for xgettext
configure:4386: found /usr/bin/xgettext
configure:4398: result: /usr/bin/xgettext
configure:4408: checking for msgmerge
configure:4426: found /usr/bin/msgmerge
configure:4438: result: /usr/bin/msgmerge
configure:4448: checking for msgfmt
configure:4466: found /usr/bin/msgfmt
configure:4478: result: /usr/bin/msgfmt
configure:4488: checking for gmsgfmt
configure:4519: result: /usr/bin/msgfmt
configure:4539: checking for perl
configure:4557: found /usr/bin/perl
configure:4569: result: /usr/bin/perl
configure:4580: checking for perl >= 5.8.1
configure:4587: result: 5.32.1
configure:4591: checking for XML::Parser
configure:4594: result: ok
configure:4619: gcc -o conftest -g -O2 -ffile-prefix-map=/dde/libgnome-2.32.1=. -fstack-protector-strong -Wformat -Werror=format-security -include debian.h -Wdate-time -D_FORTIFY_SOURCE=2 -Wl,-z,relro -Wl,-z,defs -Wl,-O1 -Wl,--as-needed conftest.c  >&5
configure:4619: $? = 0
configure:4646: checking for a sed that does not truncate output
configure:4710: result: /usr/bin/sed
configure:4715: checking for library containing strerror
configure:4746: gcc -o conftest -g -O2 -ffile-prefix-map=/dde/libgnome-2.32.1=. -fstack-protector-strong -Wformat -Werror=format-security -include debian.h -Wdate-time -D_FORTIFY_SOURCE=2 -Wl,-z,relro -Wl,-z,defs -Wl,-O1 -Wl,--as-needed conftest.c  >&5
configure:4746: $? = 0
configure:4763: result: none required
configure:4819: checking for gcc
configure:4846: result: gcc
configure:5075: checking for C compiler version
configure:5084: gcc --version >&5
gcc (Debian 10.2.1-6) 10.2.1 20210110
Copyright (C) 2020 Free Software Foundation, Inc.
This is free software; see the source for copying conditions.  There is NO
warranty; not even for MERCHANTABILITY or FITNESS FOR A PARTICULAR PURPOSE.

configure:5095: $? = 0
configure:5084: gcc -v >&5
Using built-in specs.
COLLECT_GCC=gcc
COLLECT_LTO_WRAPPER=/usr/lib/gcc/x86_64-linux-gnu/10/lto-wrapper
OFFLOAD_TARGET_NAMES=nvptx-none:amdgcn-amdhsa:hsa
OFFLOAD_TARGET_DEFAULT=1
Target: x86_64-linux-gnu
Configured with: ../src/configure -v --with-pkgversion='Debian 10.2.1-6' --with-bugurl=file:///usr/share/doc/gcc-10/README.Bugs --enable-languages=c,ada,c++,go,brig,d,fortran,objc,obj-c++,m2 --prefix=/usr --with-gcc-major-version-only --program-suffix=-10 --program-prefix=x86_64-linux-gnu- --enable-shared --enable-linker-build-id --libexecdir=/usr/lib --without-included-gettext --enable-threads=posix --libdir=/usr/lib --enable-nls --enable-bootstrap --enable-clocale=gnu --enable-libstdcxx-debug --enable-libstdcxx-time=yes --with-default-libstdcxx-abi=new --enable-gnu-unique-object --disable-vtable-verify --enable-plugin --enable-default-pie --with-system-zlib --enable-libphobos-checking=release --with-target-system-zlib=auto --enable-objc-gc=auto --enable-multiarch --disable-werror --with-arch-32=i686 --with-abi=m64 --with-multilib-list=m32,m64,mx32 --enable-multilib --with-tune=generic --enable-offload-targets=nvptx-none=/build/gcc-10-Km9U7s/gcc-10-10.2.1/debian/tmp-nvptx/usr,amdgcn-amdhsa=/build/gcc-10-Km9U7s/gcc-10-10.2.1/debian/tmp-gcn/usr,hsa --without-cuda-driver --enable-checking=release --build=x86_64-linux-gnu --host=x86_64-linux-gnu --target=x86_64-linux-gnu --with-build-config=bootstrap-lto-lean --enable-link-mutex
Thread model: posix
Supported LTO compression algorithms: zlib zstd
gcc version 10.2.1 20210110 (Debian 10.2.1-6) 
... rest of stderr output deleted ...
configure:5095: $? = 0
configure:5084: gcc -V >&5
gcc: error: unrecognized command-line option '-V'
gcc: fatal error: no input files
compilation terminated.
configure:5095: $? = 1
configure:5084: gcc -qversion >&5
gcc: error: unrecognized command-line option '-qversion'; did you mean '--version'?
gcc: fatal error: no input files
compilation terminated.
configure:5095: $? = 1
configure:5099: checking whether we are using the GNU C compiler
configure:5127: result: yes
configure:5136: checking whether gcc accepts -g
configure:5197: result: yes
configure:5214: checking for gcc option to accept ISO C89
configure:5290: result: none needed
configure:5315: checking whether gcc understands -c and -o together
configure:5352: result: yes
configure:5371: checking dependency style of gcc
configure:5482: result: none
configure:5502: checking how to run the C preprocessor
configure:5533: gcc -E -Wdate-time -D_FORTIFY_SOURCE=2 conftest.c
configure:5533: $? = 0
configure:5547: gcc -E -Wdate-time -D_FORTIFY_SOURCE=2 conftest.c
conftest.c:11:10: fatal error: ac_nonexistent.h: No such file or directory
   11 | #include <ac_nonexistent.h>
      |          ^~~~~~~~~~~~~~~~~~
compilation terminated.
configure:5547: $? = 1
configure: failed program was:
| /* confdefs.h */
| #define PACKAGE_NAME "libgnome"
| #define PACKAGE_TARNAME "libgnome"
| #define PACKAGE_VERSION "2.32.1"
| #define PACKAGE_STRING "libgnome 2.32.1"
| #define PACKAGE_BUGREPORT "http://bugzilla.gnome.org/enter_bug.cgi?product=libgnome"
| #define PACKAGE_URL ""
| #define PACKAGE "libgnome"
| #define VERSION "2.32.1"
| /* end confdefs.h.  */
| #include <ac_nonexistent.h>
configure:5572: result: gcc -E
configure:5592: gcc -E -Wdate-time -D_FORTIFY_SOURCE=2 conftest.c
configure:5592: $? = 0
configure:5606: gcc -E -Wdate-time -D_FORTIFY_SOURCE=2 conftest.c
conftest.c:11:10: fatal error: ac_nonexistent.h: No such file or directory
   11 | #include <ac_nonexistent.h>
      |          ^~~~~~~~~~~~~~~~~~
compilation terminated.
configure:5606: $? = 1
configure: failed program was:
| /* confdefs.h */
| #define PACKAGE_NAME "libgnome"
| #define PACKAGE_TARNAME "libgnome"
| #define PACKAGE_VERSION "2.32.1"
| #define PACKAGE_STRING "libgnome 2.32.1"
| #define PACKAGE_BUGREPORT "http://bugzilla.gnome.org/enter_bug.cgi?product=libgnome"
| #define PACKAGE_URL ""
| #define PACKAGE "libgnome"
| #define VERSION "2.32.1"
| /* end confdefs.h.  */
| #include <ac_nonexistent.h>
configure:5635: checking for grep that handles long lines and -e
configure:5693: result: /usr/bin/grep
configure:5698: checking for egrep
configure:5760: result: /usr/bin/grep -E
configure:5765: checking for ANSI C header files
configure:5785: gcc -c -g -O2 -ffile-prefix-map=/dde/libgnome-2.32.1=. -fstack-protector-strong -Wformat -Werror=format-security -include debian.h -Wdate-time -D_FORTIFY_SOURCE=2 conftest.c >&5
configure:5785: $? = 0
configure:5858: gcc -o conftest -g -O2 -ffile-prefix-map=/dde/libgnome-2.32.1=. -fstack-protector-strong -Wformat -Werror=format-security -include debian.h -Wdate-time -D_FORTIFY_SOURCE=2 -Wl,-z,relro -Wl,-z,defs -Wl,-O1 -Wl,--as-needed conftest.c  >&5
configure:5858: $? = 0
configure:5858: ./conftest
configure:5858: $? = 0
configure:5869: result: yes
configure:5881: checking build system type
configure:5895: result: x86_64-pc-linux-gnu
configure:5915: checking host system type
configure:5928: result: x86_64-pc-linux-gnu
configure:6297: checking how to print strings
configure:6324: result: printf
configure:6345: checking for a sed that does not truncate output
configure:6409: result: /usr/bin/sed
configure:6427: checking for fgrep
configure:6489: result: /usr/bin/grep -F
configure:6524: checking for ld used by gcc
configure:6591: result: /usr/bin/ld
configure:6598: checking if the linker (/usr/bin/ld) is GNU ld
configure:6613: result: yes
configure:6625: checking for BSD- or MS-compatible name lister (nm)
configure:6679: result: /usr/bin/nm -B
configure:6809: checking the name lister (/usr/bin/nm -B) interface
configure:6816: gcc -c -g -O2 -ffile-prefix-map=/dde/libgnome-2.32.1=. -fstack-protector-strong -Wformat -Werror=format-security -include debian.h -Wdate-time -D_FORTIFY_SOURCE=2 conftest.c >&5
configure:6819: /usr/bin/nm -B "conftest.o"
configure:6822: output
0000000000000000 B some_variable
configure:6829: result: BSD nm
configure:6832: checking whether ln -s works
configure:6836: result: yes
configure:6844: checking the maximum length of command line arguments
configure:6975: result: 1572864
configure:7023: checking how to convert x86_64-pc-linux-gnu file names to x86_64-pc-linux-gnu format
configure:7063: result: func_convert_file_noop
configure:7070: checking how to convert x86_64-pc-linux-gnu file names to toolchain format
configure:7090: result: func_convert_file_noop
configure:7097: checking for /usr/bin/ld option to reload object files
configure:7104: result: -r
configure:7178: checking for objdump
configure:7205: result: objdump
configure:7234: checking how to recognize dependent libraries
configure:7434: result: pass_all
configure:7519: checking for dlltool
configure:7546: result: dlltool
configure:7576: checking how to associate runtime and link libraries
configure:7603: result: printf %s\n
configure:7663: checking for ar
configure:7679: found /usr/bin/ar
configure:7690: result: ar
configure:7727: checking for archiver @FILE support
configure:7744: gcc -c -g -O2 -ffile-prefix-map=/dde/libgnome-2.32.1=. -fstack-protector-strong -Wformat -Werror=format-security -include debian.h -Wdate-time -D_FORTIFY_SOURCE=2 conftest.c >&5
configure:7744: $? = 0
configure:7747: ar cr libconftest.a @conftest.lst >&5
configure:7750: $? = 0
configure:7755: ar cr libconftest.a @conftest.lst >&5
ar: conftest.o: No such file or directory
configure:7758: $? = 1
configure:7770: result: @
configure:7828: checking for strip
configure:7844: found /usr/bin/strip
configure:7855: result: strip
configure:7927: checking for ranlib
configure:7943: found /usr/bin/ranlib
configure:7954: result: ranlib
configure:8056: checking command to parse /usr/bin/nm -B output from gcc object
configure:8209: gcc -c -g -O2 -ffile-prefix-map=/dde/libgnome-2.32.1=. -fstack-protector-strong -Wformat -Werror=format-security -include debian.h -Wdate-time -D_FORTIFY_SOURCE=2 conftest.c >&5
configure:8212: $? = 0
configure:8216: /usr/bin/nm -B conftest.o | sed -n -e 's/^.*[	 ]\([ABCDGIRSTW][ABCDGIRSTW]*\)[	 ][	 ]*\([_A-Za-z][_A-Za-z0-9]*\)$/\1 \2 \2/p' | sed '/ __gnu_lto/d' > conftest.nm
configure:8282: gcc -o conftest -g -O2 -ffile-prefix-map=/dde/libgnome-2.32.1=. -fstack-protector-strong -Wformat -Werror=format-security -include debian.h -Wdate-time -D_FORTIFY_SOURCE=2 -Wl,-z,relro -Wl,-z,defs -Wl,-O1 -Wl,--as-needed conftest.c conftstm.o >&5
configure:8285: $? = 0
configure:8323: result: ok
configure:8370: checking for sysroot
configure:8400: result: no
configure:8407: checking for a working dd
configure:8445: result: /usr/bin/dd
configure:8449: checking how to truncate binary pipes
configure:8464: result: /usr/bin/dd bs=4096 count=1
configure:8600: gcc -c -g -O2 -ffile-prefix-map=/dde/libgnome-2.32.1=. -fstack-protector-strong -Wformat -Werror=format-security -include debian.h -Wdate-time -D_FORTIFY_SOURCE=2 conftest.c >&5
configure:8603: $? = 0
configure:8793: checking for mt
configure:8809: found /usr/bin/mt
configure:8820: result: mt
configure:8843: checking if mt is a manifest tool
configure:8849: mt '-?'
configure:8857: result: no
configure:9534: checking for sys/types.h
configure:9534: gcc -c -g -O2 -ffile-prefix-map=/dde/libgnome-2.32.1=. -fstack-protector-strong -Wformat -Werror=format-security -include debian.h -Wdate-time -D_FORTIFY_SOURCE=2 conftest.c >&5
configure:9534: $? = 0
configure:9534: result: yes
configure:9534: checking for sys/stat.h
configure:9534: gcc -c -g -O2 -ffile-prefix-map=/dde/libgnome-2.32.1=. -fstack-protector-strong -Wformat -Werror=format-security -include debian.h -Wdate-time -D_FORTIFY_SOURCE=2 conftest.c >&5
configure:9534: $? = 0
configure:9534: result: yes
configure:9534: checking for stdlib.h
configure:9534: gcc -c -g -O2 -ffile-prefix-map=/dde/libgnome-2.32.1=. -fstack-protector-strong -Wformat -Werror=format-security -include debian.h -Wdate-time -D_FORTIFY_SOURCE=2 conftest.c >&5
configure:9534: $? = 0
configure:9534: result: yes
configure:9534: checking for string.h
configure:9534: gcc -c -g -O2 -ffile-prefix-map=/dde/libgnome-2.32.1=. -fstack-protector-strong -Wformat -Werror=format-security -include debian.h -Wdate-time -D_FORTIFY_SOURCE=2 conftest.c >&5
configure:9534: $? = 0
configure:9534: result: yes
configure:9534: checking for memory.h
configure:9534: gcc -c -g -O2 -ffile-prefix-map=/dde/libgnome-2.32.1=. -fstack-protector-strong -Wformat -Werror=format-security -include debian.h -Wdate-time -D_FORTIFY_SOURCE=2 conftest.c >&5
configure:9534: $? = 0
configure:9534: result: yes
configure:9534: checking for strings.h
configure:9534: gcc -c -g -O2 -ffile-prefix-map=/dde/libgnome-2.32.1=. -fstack-protector-strong -Wformat -Werror=format-security -include debian.h -Wdate-time -D_FORTIFY_SOURCE=2 conftest.c >&5
configure:9534: $? = 0
configure:9534: result: yes
configure:9534: checking for inttypes.h
configure:9534: gcc -c -g -O2 -ffile-prefix-map=/dde/libgnome-2.32.1=. -fstack-protector-strong -Wformat -Werror=format-security -include debian.h -Wdate-time -D_FORTIFY_SOURCE=2 conftest.c >&5
configure:9534: $? = 0
configure:9534: result: yes
configure:9534: checking for stdint.h
configure:9534: gcc -c -g -O2 -ffile-prefix-map=/dde/libgnome-2.32.1=. -fstack-protector-strong -Wformat -Werror=format-security -include debian.h -Wdate-time -D_FORTIFY_SOURCE=2 conftest.c >&5
configure:9534: $? = 0
configure:9534: result: yes
configure:9534: checking for unistd.h
configure:9534: gcc -c -g -O2 -ffile-prefix-map=/dde/libgnome-2.32.1=. -fstack-protector-strong -Wformat -Werror=format-security -include debian.h -Wdate-time -D_FORTIFY_SOURCE=2 conftest.c >&5
configure:9534: $? = 0
configure:9534: result: yes
configure:9548: checking for dlfcn.h
configure:9548: gcc -c -g -O2 -ffile-prefix-map=/dde/libgnome-2.32.1=. -fstack-protector-strong -Wformat -Werror=format-security -include debian.h -Wdate-time -D_FORTIFY_SOURCE=2 conftest.c >&5
configure:9548: $? = 0
configure:9548: result: yes
configure:9802: checking for objdir
configure:9817: result: .libs
configure:10081: checking if gcc supports -fno-rtti -fno-exceptions
configure:10099: gcc -c -g -O2 -ffile-prefix-map=/dde/libgnome-2.32.1=. -fstack-protector-strong -Wformat -Werror=format-security -include debian.h -Wdate-time -D_FORTIFY_SOURCE=2 -fno-rtti -fno-exceptions conftest.c >&5
cc1: warning: command-line option '-fno-rtti' is valid for C++/D/ObjC++ but not for C
configure:10103: $? = 0
configure:10116: result: no
configure:10480: checking for gcc option to produce PIC
configure:10487: result: -fPIC -DPIC
configure:10495: checking if gcc PIC flag -fPIC -DPIC works
configure:10513: gcc -c -g -O2 -ffile-prefix-map=/dde/libgnome-2.32.1=. -fstack-protector-strong -Wformat -Werror=format-security -include debian.h -Wdate-time -D_FORTIFY_SOURCE=2 -fPIC -DPIC -DPIC conftest.c >&5
configure:10517: $? = 0
configure:10530: result: yes
configure:10559: checking if gcc static flag -static works
configure:10587: result: yes
configure:10602: checking if gcc supports -c -o file.o
configure:10623: gcc -c -g -O2 -ffile-prefix-map=/dde/libgnome-2.32.1=. -fstack-protector-strong -Wformat -Werror=format-security -include debian.h -Wdate-time -D_FORTIFY_SOURCE=2 -o out/conftest2.o conftest.c >&5
cc1: fatal error: debian.h: No such file or directory
compilation terminated.
configure:10627: $? = 1
configure:10649: result: no
configure:10657: checking if gcc supports -c -o file.o
configure:10704: result: no
configure:10713: checking if we can lock with hard links
configure:10721: result: yes
configure:10737: checking whether the gcc linker (/usr/bin/ld -m elf_x86_64) supports shared libraries
configure:12000: result: yes
configure:12037: checking whether -lc should be explicitly linked in
configure:12045: gcc -c -g -O2 -ffile-prefix-map=/dde/libgnome-2.32.1=. -fstack-protector-strong -Wformat -Werror=format-security -include debian.h -Wdate-time -D_FORTIFY_SOURCE=2 conftest.c >&5
configure:12048: $? = 0
configure:12063: gcc -shared  -fPIC -DPIC conftest.o  -v -Wl,-soname -Wl,conftest -o conftest 2\>\&1 \| /usr/bin/grep  -lc  \>/dev/null 2\>\&1
configure:12066: $? = 0
configure:12080: result: no
configure:12240: checking dynamic linker characteristics
configure:12821: gcc -o conftest -g -O2 -ffile-prefix-map=/dde/libgnome-2.32.1=. -fstack-protector-strong -Wformat -Werror=format-security -include debian.h -Wdate-time -D_FORTIFY_SOURCE=2 -Wl,-z,relro -Wl,-z,defs -Wl,-O1 -Wl,--as-needed -Wl,-rpath -Wl,/foo conftest.c  >&5
configure:12821: $? = 0
configure:13070: result: GNU/Linux ld.so
configure:13192: checking how to hardcode library paths into programs
configure:13217: result: immediate
configure:13765: checking whether stripping libraries is possible
configure:13770: result: yes
configure:13805: checking if libtool supports shared libraries
configure:13807: result: yes
configure:13810: checking whether to build shared libraries
configure:13835: result: yes
configure:13838: checking whether to build static libraries
configure:13842: result: yes
configure:13880: checking for Win32
configure:13896: result: no
configure:13912: checking for setenv
configure:13912: gcc -o conftest -g -O2 -ffile-prefix-map=/dde/libgnome-2.32.1=. -fstack-protector-strong -Wformat -Werror=format-security -include debian.h -Wdate-time -D_FORTIFY_SOURCE=2 -Wl,-z,relro -Wl,-z,defs -Wl,-O1 -Wl,--as-needed conftest.c  >&5
configure:13912: $? = 0
configure:13912: result: yes
configure:13912: checking for unsetenv
configure:13912: gcc -o conftest -g -O2 -ffile-prefix-map=/dde/libgnome-2.32.1=. -fstack-protector-strong -Wformat -Werror=format-security -include debian.h -Wdate-time -D_FORTIFY_SOURCE=2 -Wl,-z,relro -Wl,-z,defs -Wl,-O1 -Wl,--as-needed conftest.c  >&5
configure:13912: $? = 0
configure:13912: result: yes
configure:13912: checking for clearenv
configure:13912: gcc -o conftest -g -O2 -ffile-prefix-map=/dde/libgnome-2.32.1=. -fstack-protector-strong -Wformat -Werror=format-security -include debian.h -Wdate-time -D_FORTIFY_SOURCE=2 -Wl,-z,relro -Wl,-z,defs -Wl,-O1 -Wl,--as-needed conftest.c  >&5
configure:13912: $? = 0
configure:13912: result: yes
configure:13912: checking for setfsgid
configure:13912: gcc -o conftest -g -O2 -ffile-prefix-map=/dde/libgnome-2.32.1=. -fstack-protector-strong -Wformat -Werror=format-security -include debian.h -Wdate-time -D_FORTIFY_SOURCE=2 -Wl,-z,relro -Wl,-z,defs -Wl,-O1 -Wl,--as-needed conftest.c  >&5
configure:13912: $? = 0
configure:13912: result: yes
configure:13923: checking sys/fsuid.h usability
configure:13923: gcc -c -g -O2 -ffile-prefix-map=/dde/libgnome-2.32.1=. -fstack-protector-strong -Wformat -Werror=format-security -include debian.h -Wdate-time -D_FORTIFY_SOURCE=2 conftest.c >&5
configure:13923: $? = 0
configure:13923: result: yes
configure:13923: checking sys/fsuid.h presence
configure:13923: gcc -E -Wdate-time -D_FORTIFY_SOURCE=2 conftest.c
configure:13923: $? = 0
configure:13923: result: yes
configure:13923: checking for sys/fsuid.h
configure:13923: result: yes
configure:13935: checking for bind_textdomain_codeset
configure:13935: gcc -o conftest -g -O2 -ffile-prefix-map=/dde/libgnome-2.32.1=. -fstack-protector-strong -Wformat -Werror=format-security -include debian.h -Wdate-time -D_FORTIFY_SOURCE=2 -Wl,-z,relro -Wl,-z,defs -Wl,-O1 -Wl,--as-needed conftest.c  >&5
configure:13935: $? = 0
configure:13935: result: yes
configure:13946: checking for _NSGetEnviron
configure:13946: gcc -o conftest -g -O2 -ffile-prefix-map=/dde/libgnome-2.32.1=. -fstack-protector-strong -Wformat -Werror=format-security -include debian.h -Wdate-time -D_FORTIFY_SOURCE=2 -Wl,-z,relro -Wl,-z,defs -Wl,-O1 -Wl,--as-needed conftest.c  >&5
/usr/bin/ld: /tmp/ccpq4JJr.o: in function `main':
./conftest.c:63: undefined reference to `_NSGetEnviron'
collect2: error: ld returned 1 exit status
configure:13946: $? = 1
configure: failed program was:
| /* confdefs.h */
| #define PACKAGE_NAME "libgnome"
| #define PACKAGE_TARNAME "libgnome"
| #define PACKAGE_VERSION "2.32.1"
| #define PACKAGE_STRING "libgnome 2.32.1"
| #define PACKAGE_BUGREPORT "http://bugzilla.gnome.org/enter_bug.cgi?product=libgnome"
| #define PACKAGE_URL ""
| #define PACKAGE "libgnome"
| #define VERSION "2.32.1"
| #define STDC_HEADERS 1
| #define HAVE_SYS_TYPES_H 1
| #define HAVE_SYS_STAT_H 1
| #define HAVE_STDLIB_H 1
| #define HAVE_STRING_H 1
| #define HAVE_MEMORY_H 1
| #define HAVE_STRINGS_H 1
| #define HAVE_INTTYPES_H 1
| #define HAVE_STDINT_H 1
| #define HAVE_UNISTD_H 1
| #define HAVE_DLFCN_H 1
| #define LT_OBJDIR ".libs/"
| #define HAVE_SETENV 1
| #define HAVE_UNSETENV 1
| #define HAVE_CLEARENV 1
| #define HAVE_SETFSGID 1
| #define HAVE_SYS_FSUID_H 1
| #define HAVE_BIND_TEXTDOMAIN_CODESET 1
| /* end confdefs.h.  */
| /* Define _NSGetEnviron to an innocuous variant, in case <limits.h> declares _NSGetEnviron.
|    For example, HP-UX 11i <limits.h> declares gettimeofday.  */
| #define _NSGetEnviron innocuous__NSGetEnviron
| 
| /* System header to define __stub macros and hopefully few prototypes,
|     which can conflict with char _NSGetEnviron (); below.
|     Prefer <limits.h> to <assert.h> if __STDC__ is defined, since
|     <limits.h> exists even on freestanding compilers.  */
| 
| #ifdef __STDC__
| # include <limits.h>
| #else
| # include <assert.h>
| #endif
| 
| #undef _NSGetEnviron
| 
| /* Override any GCC internal prototype to avoid an error.
|    Use char because int might match the return type of a GCC
|    builtin and then its argument prototype would still apply.  */
| #ifdef __cplusplus
| extern "C"
| #endif
| char _NSGetEnviron ();
| /* The GNU C library defines this for functions which it implements
|     to always fail with ENOSYS.  Some functions are actually named
|     something starting with __ and the normal name is an alias.  */
| #if defined __stub__NSGetEnviron || defined __stub____NSGetEnviron
| choke me
| #endif
| 
| int
| main ()
| {
| return _NSGetEnviron ();
|   ;
|   return 0;
| }
configure:13946: result: no
configure:13956: checking crt_externs.h usability
configure:13956: gcc -c -g -O2 -ffile-prefix-map=/dde/libgnome-2.32.1=. -fstack-protector-strong -Wformat -Werror=format-security -include debian.h -Wdate-time -D_FORTIFY_SOURCE=2 conftest.c >&5
conftest.c:62:10: fatal error: crt_externs.h: No such file or directory
   62 | #include <crt_externs.h>
      |          ^~~~~~~~~~~~~~~
compilation terminated.
configure:13956: $? = 1
configure: failed program was:
| /* confdefs.h */
| #define PACKAGE_NAME "libgnome"
| #define PACKAGE_TARNAME "libgnome"
| #define PACKAGE_VERSION "2.32.1"
| #define PACKAGE_STRING "libgnome 2.32.1"
| #define PACKAGE_BUGREPORT "http://bugzilla.gnome.org/enter_bug.cgi?product=libgnome"
| #define PACKAGE_URL ""
| #define PACKAGE "libgnome"
| #define VERSION "2.32.1"
| #define STDC_HEADERS 1
| #define HAVE_SYS_TYPES_H 1
| #define HAVE_SYS_STAT_H 1
| #define HAVE_STDLIB_H 1
| #define HAVE_STRING_H 1
| #define HAVE_MEMORY_H 1
| #define HAVE_STRINGS_H 1
| #define HAVE_INTTYPES_H 1
| #define HAVE_STDINT_H 1
| #define HAVE_UNISTD_H 1
| #define HAVE_DLFCN_H 1
| #define LT_OBJDIR ".libs/"
| #define HAVE_SETENV 1
| #define HAVE_UNSETENV 1
| #define HAVE_CLEARENV 1
| #define HAVE_SETFSGID 1
| #define HAVE_SYS_FSUID_H 1
| #define HAVE_BIND_TEXTDOMAIN_CODESET 1
| /* end confdefs.h.  */
| #include <stdio.h>
| #ifdef HAVE_SYS_TYPES_H
| # include <sys/types.h>
| #endif
| #ifdef HAVE_SYS_STAT_H
| # include <sys/stat.h>
| #endif
| #ifdef STDC_HEADERS
| # include <stdlib.h>
| # include <stddef.h>
| #else
| # ifdef HAVE_STDLIB_H
| #  include <stdlib.h>
| # endif
| #endif
| #ifdef HAVE_STRING_H
| # if !defined STDC_HEADERS && defined HAVE_MEMORY_H
| #  include <memory.h>
| # endif
| # include <string.h>
| #endif
| #ifdef HAVE_STRINGS_H
| # include <strings.h>
| #endif
| #ifdef HAVE_INTTYPES_H
| # include <inttypes.h>
| #endif
| #ifdef HAVE_STDINT_H
| # include <stdint.h>
| #endif
| #ifdef HAVE_UNISTD_H
| # include <unistd.h>
| #endif
| #include <crt_externs.h>
configure:13956: result: no
configure:13956: checking crt_externs.h presence
configure:13956: gcc -E -Wdate-time -D_FORTIFY_SOURCE=2 conftest.c
conftest.c:29:10: fatal error: crt_externs.h: No such file or directory
   29 | #include <crt_externs.h>
      |          ^~~~~~~~~~~~~~~
compilation terminated.
configure:13956: $? = 1
configure: failed program was:
| /* confdefs.h */
| #define PACKAGE_NAME "libgnome"
| #define PACKAGE_TARNAME "libgnome"
| #define PACKAGE_VERSION "2.32.1"
| #define PACKAGE_STRING "libgnome 2.32.1"
| #define PACKAGE_BUGREPORT "http://bugzilla.gnome.org/enter_bug.cgi?product=libgnome"
| #define PACKAGE_URL ""
| #define PACKAGE "libgnome"
| #define VERSION "2.32.1"
| #define STDC_HEADERS 1
| #define HAVE_SYS_TYPES_H 1
| #define HAVE_SYS_STAT_H 1
| #define HAVE_STDLIB_H 1
| #define HAVE_STRING_H 1
| #define HAVE_MEMORY_H 1
| #define HAVE_STRINGS_H 1
| #define HAVE_INTTYPES_H 1
| #define HAVE_STDINT_H 1
| #define HAVE_UNISTD_H 1
| #define HAVE_DLFCN_H 1
| #define LT_OBJDIR ".libs/"
| #define HAVE_SETENV 1
| #define HAVE_UNSETENV 1
| #define HAVE_CLEARENV 1
| #define HAVE_SETFSGID 1
| #define HAVE_SYS_FSUID_H 1
| #define HAVE_BIND_TEXTDOMAIN_CODESET 1
| /* end confdefs.h.  */
| #include <crt_externs.h>
configure:13956: result: no
configure:13956: checking for crt_externs.h
configure:13956: result: no
configure:13979: checking locale.h usability
configure:13979: gcc -c -g -O2 -ffile-prefix-map=/dde/libgnome-2.32.1=. -fstack-protector-strong -Wformat -Werror=format-security -include debian.h -Wdate-time -D_FORTIFY_SOURCE=2 conftest.c >&5
configure:13979: $? = 0
configure:13979: result: yes
configure:13979: checking locale.h presence
configure:13979: gcc -E -Wdate-time -D_FORTIFY_SOURCE=2 conftest.c
configure:13979: $? = 0
configure:13979: result: yes
configure:13979: checking for locale.h
configure:13979: result: yes
configure:13990: checking for LC_MESSAGES
configure:14006: gcc -o conftest -g -O2 -ffile-prefix-map=/dde/libgnome-2.32.1=. -fstack-protector-strong -Wformat -Werror=format-security -include debian.h -Wdate-time -D_FORTIFY_SOURCE=2 -Wl,-z,relro -Wl,-z,defs -Wl,-O1 -Wl,--as-needed conftest.c  >&5
configure:14006: $? = 0
configure:14014: result: yes
configure:14032: checking for CFPreferencesCopyAppValue
configure:14050: gcc -o conftest -g -O2 -ffile-prefix-map=/dde/libgnome-2.32.1=. -fstack-protector-strong -Wformat -Werror=format-security -include debian.h -Wdate-time -D_FORTIFY_SOURCE=2 -Wl,-z,relro -Wl,-z,defs -Wl,-O1 -Wl,--as-needed conftest.c  -Wl,-framework -Wl,CoreFoundation >&5
conftest.c:32:10: fatal error: CoreFoundation/CFPreferences.h: No such file or directory
   32 | #include <CoreFoundation/CFPreferences.h>
      |          ^~~~~~~~~~~~~~~~~~~~~~~~~~~~~~~~
compilation terminated.
configure:14050: $? = 1
configure: failed program was:
| /* confdefs.h */
| #define PACKAGE_NAME "libgnome"
| #define PACKAGE_TARNAME "libgnome"
| #define PACKAGE_VERSION "2.32.1"
| #define PACKAGE_STRING "libgnome 2.32.1"
| #define PACKAGE_BUGREPORT "http://bugzilla.gnome.org/enter_bug.cgi?product=libgnome"
| #define PACKAGE_URL ""
| #define PACKAGE "libgnome"
| #define VERSION "2.32.1"
| #define STDC_HEADERS 1
| #define HAVE_SYS_TYPES_H 1
| #define HAVE_SYS_STAT_H 1
| #define HAVE_STDLIB_H 1
| #define HAVE_STRING_H 1
| #define HAVE_MEMORY_H 1
| #define HAVE_STRINGS_H 1
| #define HAVE_INTTYPES_H 1
| #define HAVE_STDINT_H 1
| #define HAVE_UNISTD_H 1
| #define HAVE_DLFCN_H 1
| #define LT_OBJDIR ".libs/"
| #define HAVE_SETENV 1
| #define HAVE_UNSETENV 1
| #define HAVE_CLEARENV 1
| #define HAVE_SETFSGID 1
| #define HAVE_SYS_FSUID_H 1
| #define HAVE_BIND_TEXTDOMAIN_CODESET 1
| #define GETTEXT_PACKAGE "libgnome-2.0"
| #define HAVE_LOCALE_H 1
| #define HAVE_LC_MESSAGES 1
| /* end confdefs.h.  */
| #include <CoreFoundation/CFPreferences.h>
| int
| main ()
| {
| CFPreferencesCopyAppValue(NULL, NULL)
|   ;
|   return 0;
| }
configure:14059: result: no
configure:14066: checking for CFLocaleCopyCurrent
configure:14084: gcc -o conftest -g -O2 -ffile-prefix-map=/dde/libgnome-2.32.1=. -fstack-protector-strong -Wformat -Werror=format-security -include debian.h -Wdate-time -D_FORTIFY_SOURCE=2 -Wl,-z,relro -Wl,-z,defs -Wl,-O1 -Wl,--as-needed conftest.c  -Wl,-framework -Wl,CoreFoundation >&5
conftest.c:32:10: fatal error: CoreFoundation/CFLocale.h: No such file or directory
   32 | #include <CoreFoundation/CFLocale.h>
      |          ^~~~~~~~~~~~~~~~~~~~~~~~~~~
compilation terminated.
configure:14084: $? = 1
configure: failed program was:
| /* confdefs.h */
| #define PACKAGE_NAME "libgnome"
| #define PACKAGE_TARNAME "libgnome"
| #define PACKAGE_VERSION "2.32.1"
| #define PACKAGE_STRING "libgnome 2.32.1"
| #define PACKAGE_BUGREPORT "http://bugzilla.gnome.org/enter_bug.cgi?product=libgnome"
| #define PACKAGE_URL ""
| #define PACKAGE "libgnome"
| #define VERSION "2.32.1"
| #define STDC_HEADERS 1
| #define HAVE_SYS_TYPES_H 1
| #define HAVE_SYS_STAT_H 1
| #define HAVE_STDLIB_H 1
| #define HAVE_STRING_H 1
| #define HAVE_MEMORY_H 1
| #define HAVE_STRINGS_H 1
| #define HAVE_INTTYPES_H 1
| #define HAVE_STDINT_H 1
| #define HAVE_UNISTD_H 1
| #define HAVE_DLFCN_H 1
| #define LT_OBJDIR ".libs/"
| #define HAVE_SETENV 1
| #define HAVE_UNSETENV 1
| #define HAVE_CLEARENV 1
| #define HAVE_SETFSGID 1
| #define HAVE_SYS_FSUID_H 1
| #define HAVE_BIND_TEXTDOMAIN_CODESET 1
| #define GETTEXT_PACKAGE "libgnome-2.0"
| #define HAVE_LOCALE_H 1
| #define HAVE_LC_MESSAGES 1
| /* end confdefs.h.  */
| #include <CoreFoundation/CFLocale.h>
| int
| main ()
| {
| CFLocaleCopyCurrent();
|   ;
|   return 0;
| }
configure:14093: result: no
configure:14107: checking libintl.h usability
configure:14107: gcc -c -g -O2 -ffile-prefix-map=/dde/libgnome-2.32.1=. -fstack-protector-strong -Wformat -Werror=format-security -include debian.h -Wdate-time -D_FORTIFY_SOURCE=2 conftest.c >&5
configure:14107: $? = 0
configure:14107: result: yes
configure:14107: checking libintl.h presence
configure:14107: gcc -E -Wdate-time -D_FORTIFY_SOURCE=2 conftest.c
configure:14107: $? = 0
configure:14107: result: yes
configure:14107: checking for libintl.h
configure:14107: result: yes
configure:14115: checking for ngettext in libc
configure:14133: gcc -o conftest -g -O2 -ffile-prefix-map=/dde/libgnome-2.32.1=. -fstack-protector-strong -Wformat -Werror=format-security -include debian.h -Wdate-time -D_FORTIFY_SOURCE=2 -Wl,-z,relro -Wl,-z,defs -Wl,-O1 -Wl,--as-needed conftest.c  >&5
configure:14133: $? = 0
configure:14142: result: yes
configure:14146: checking for dgettext in libc
configure:14164: gcc -o conftest -g -O2 -ffile-prefix-map=/dde/libgnome-2.32.1=. -fstack-protector-strong -Wformat -Werror=format-security -include debian.h -Wdate-time -D_FORTIFY_SOURCE=2 -Wl,-z,relro -Wl,-z,defs -Wl,-O1 -Wl,--as-needed conftest.c  >&5
configure:14164: $? = 0
configure:14173: result: yes
configure:14180: checking for bind_textdomain_codeset
configure:14180: result: yes
configure:14456: checking for msgfmt
configure:14483: result: /usr/bin/msgfmt
configure:14494: checking for dcgettext
configure:14494: gcc -o conftest -g -O2 -ffile-prefix-map=/dde/libgnome-2.32.1=. -fstack-protector-strong -Wformat -Werror=format-security -include debian.h -Wdate-time -D_FORTIFY_SOURCE=2 -Wl,-z,relro -Wl,-z,defs -Wl,-O1 -Wl,--as-needed conftest.c   >&5
conftest.c:57:6: warning: conflicting types for built-in function 'dcgettext'; expected 'char *(const char *, const char *, int)' [-Wbuiltin-declaration-mismatch]
   57 | char dcgettext ();
      |      ^~~~~~~~~
configure:14494: $? = 0
configure:14494: result: yes
configure:14504: checking if msgfmt accepts -c
configure:14519: $MSGFMT -c -o /dev/null conftest.foo
conftest.foo:3: warning: header field 'Language' missing in header
configure:14522: $? = 0
configure:14524: result: yes
configure:14534: checking for gmsgfmt
configure:14565: result: /usr/bin/msgfmt
configure:14575: checking for xgettext
configure:14602: result: /usr/bin/xgettext
configure:14621: gcc -o conftest -g -O2 -ffile-prefix-map=/dde/libgnome-2.32.1=. -fstack-protector-strong -Wformat -Werror=format-security -include debian.h -Wdate-time -D_FORTIFY_SOURCE=2 -Wl,-z,relro -Wl,-z,defs -Wl,-O1 -Wl,--as-needed conftest.c   >&5
configure:14621: $? = 0
configure:14769: checking for mawk
configure:14787: found /usr/bin/mawk
configure:14799: result: /usr/bin/mawk
configure:14814: checking for perl5
configure:14847: result: no
configure:14814: checking for perl
configure:14832: found /usr/bin/perl
configure:14844: result: /usr/bin/perl
configure:14929: checking for pkg-config
configure:14947: found /usr/bin/pkg-config
configure:14959: result: /usr/bin/pkg-config
configure:14984: checking pkg-config is at least version 0.9.0
configure:14987: result: yes
configure:14997: checking whether ESounD support is requested
configure:15006: result: no
configure:15016: checking whether to use libcanberra
configure:15025: result: yes
configure:15041: checking for  glib-2.0 >= 2.8.0   gobject-2.0 >= 2.0.0   gmodule-2.0 >= 2.8.0   gobject-2.0 >= 2.8.0   gnome-vfs-2.0 >= 2.5.3   libbonobo-2.0 >= 2.13.0   gconf-2.0 >= 1.1.11    libcanberra >= 0
configure:15048: $PKG_CONFIG --exists --print-errors " glib-2.0 >= 2.8.0   gobject-2.0 >= 2.0.0   gmodule-2.0 >= 2.8.0   gobject-2.0 >= 2.8.0   gnome-vfs-2.0 >= 2.5.3   libbonobo-2.0 >= 2.13.0   gconf-2.0 >= 1.1.11   $SOUND_MODULES"
Package gnome-vfs-2.0 was not found in the pkg-config search path.
Perhaps you should add the directory containing `gnome-vfs-2.0.pc'
to the PKG_CONFIG_PATH environment variable
No package 'gnome-vfs-2.0' found
Package libbonobo-2.0 was not found in the pkg-config search path.
Perhaps you should add the directory containing `libbonobo-2.0.pc'
to the PKG_CONFIG_PATH environment variable
No package 'libbonobo-2.0' found
configure:15051: $? = 1
configure:15065: $PKG_CONFIG --exists --print-errors " glib-2.0 >= 2.8.0   gobject-2.0 >= 2.0.0   gmodule-2.0 >= 2.8.0   gobject-2.0 >= 2.8.0   gnome-vfs-2.0 >= 2.5.3   libbonobo-2.0 >= 2.13.0   gconf-2.0 >= 1.1.11   $SOUND_MODULES"
Package gnome-vfs-2.0 was not found in the pkg-config search path.
Perhaps you should add the directory containing `gnome-vfs-2.0.pc'
to the PKG_CONFIG_PATH environment variable
No package 'gnome-vfs-2.0' found
Package libbonobo-2.0 was not found in the pkg-config search path.
Perhaps you should add the directory containing `libbonobo-2.0.pc'
to the PKG_CONFIG_PATH environment variable
No package 'libbonobo-2.0' found
configure:15068: $? = 1
configure:15082: result: no
No package 'gnome-vfs-2.0' found
No package 'libbonobo-2.0' found
configure:15098: error: Package requirements ( glib-2.0 >= 2.8.0   gobject-2.0 >= 2.0.0   gmodule-2.0 >= 2.8.0   gobject-2.0 >= 2.8.0   gnome-vfs-2.0 >= 2.5.3   libbonobo-2.0 >= 2.13.0   gconf-2.0 >= 1.1.11    libcanberra >= 0) were not met:

No package 'gnome-vfs-2.0' found
No package 'libbonobo-2.0' found

Consider adjusting the PKG_CONFIG_PATH environment variable if you
installed software in a non-standard prefix.

Alternatively, you may set the environment variables LIBGNOME_CFLAGS
and LIBGNOME_LIBS to avoid the need to call pkg-config.
See the pkg-config man page for more details.

## ---------------- ##
## Cache variables. ##
## ---------------- ##

ac_cv_build=x86_64-pc-linux-gnu
ac_cv_c_compiler_gnu=yes
ac_cv_env_CC_set=
ac_cv_env_CC_value=
ac_cv_env_CFLAGS_set=set
ac_cv_env_CFLAGS_value='-g -O2 -ffile-prefix-map=/dde/libgnome-2.32.1=. -fstack-protector-strong -Wformat -Werror=format-security -include debian.h'
ac_cv_env_CPPFLAGS_set=set
ac_cv_env_CPPFLAGS_value='-Wdate-time -D_FORTIFY_SOURCE=2'
ac_cv_env_CPP_set=
ac_cv_env_CPP_value=
ac_cv_env_GIO_CFLAGS_set=
ac_cv_env_GIO_CFLAGS_value=
ac_cv_env_GIO_LIBS_set=
ac_cv_env_GIO_LIBS_value=
ac_cv_env_LDFLAGS_set=set
ac_cv_env_LDFLAGS_value='-Wl,-z,relro -Wl,-z,defs -Wl,-O1 -Wl,--as-needed'
ac_cv_env_LIBGNOME_CFLAGS_set=
ac_cv_env_LIBGNOME_CFLAGS_value=
ac_cv_env_LIBGNOME_LIBS_set=
ac_cv_env_LIBGNOME_LIBS_value=
ac_cv_env_LIBS_set=
ac_cv_env_LIBS_value=
ac_cv_env_LT_SYS_LIBRARY_PATH_set=
ac_cv_env_LT_SYS_LIBRARY_PATH_value=
ac_cv_env_PKG_CONFIG_LIBDIR_set=
ac_cv_env_PKG_CONFIG_LIBDIR_value=
ac_cv_env_PKG_CONFIG_PATH_set=
ac_cv_env_PKG_CONFIG_PATH_value=
ac_cv_env_PKG_CONFIG_set=
ac_cv_env_PKG_CONFIG_value=
ac_cv_env_build_alias_set=set
ac_cv_env_build_alias_value=x86_64-linux-gnu
ac_cv_env_host_alias_set=
ac_cv_env_host_alias_value=
ac_cv_env_target_alias_set=
ac_cv_env_target_alias_value=
ac_cv_func__NSGetEnviron=no
ac_cv_func_bind_textdomain_codeset=yes
ac_cv_func_clearenv=yes
ac_cv_func_dcgettext=yes
ac_cv_func_setenv=yes
ac_cv_func_setfsgid=yes
ac_cv_func_unsetenv=yes
ac_cv_header_crt_externs_h=no
ac_cv_header_dlfcn_h=yes
ac_cv_header_inttypes_h=yes
ac_cv_header_libintl_h=yes
ac_cv_header_locale_h=yes
ac_cv_header_memory_h=yes
ac_cv_header_stdc=yes
ac_cv_header_stdint_h=yes
ac_cv_header_stdlib_h=yes
ac_cv_header_string_h=yes
ac_cv_header_strings_h=yes
ac_cv_header_sys_fsuid_h=yes
ac_cv_header_sys_stat_h=yes
ac_cv_header_sys_types_h=yes
ac_cv_header_unistd_h=yes
ac_cv_host=x86_64-pc-linux-gnu
ac_cv_objext=o
ac_cv_path_AWK=/usr/bin/mawk
ac_cv_path_EGREP='/usr/bin/grep -E'
ac_cv_path_FGREP='/usr/bin/grep -F'
ac_cv_path_GMSGFMT=/usr/bin/msgfmt
ac_cv_path_GREP=/usr/bin/grep
ac_cv_path_INTLTOOL_EXTRACT=/usr/bin/intltool-extract
ac_cv_path_INTLTOOL_MERGE=/usr/bin/intltool-merge
ac_cv_path_INTLTOOL_PERL=/usr/bin/perl
ac_cv_path_INTLTOOL_UPDATE=/usr/bin/intltool-update
ac_cv_path_MSGFMT=/usr/bin/msgfmt
ac_cv_path_MSGMERGE=/usr/bin/msgmerge
ac_cv_path_PERL=/usr/bin/perl
ac_cv_path_SED=/usr/bin/sed
ac_cv_path_XGETTEXT=/usr/bin/xgettext
ac_cv_path_ac_pt_PKG_CONFIG=/usr/bin/pkg-config
ac_cv_path_install='/usr/bin/install -c'
ac_cv_path_lt_DD=/usr/bin/dd
ac_cv_path_mkdir=/usr/bin/mkdir
ac_cv_prog_AWK=mawk
ac_cv_prog_CPP='gcc -E'
ac_cv_prog_ac_ct_AR=ar
ac_cv_prog_ac_ct_CC=gcc
ac_cv_prog_ac_ct_DLLTOOL=dlltool
ac_cv_prog_ac_ct_MANIFEST_TOOL=mt
ac_cv_prog_ac_ct_OBJDUMP=objdump
ac_cv_prog_ac_ct_RANLIB=ranlib
ac_cv_prog_ac_ct_STRIP=strip
ac_cv_prog_cc_c89=
ac_cv_prog_cc_g=yes
ac_cv_prog_make_make_set=yes
ac_cv_search_strerror='none required'
am_cv_CC_dependencies_compiler_type=none
am_cv_make_support_nested_variables=yes
am_cv_prog_cc_c_o=yes
am_cv_val_LC_MESSAGES=yes
gt_cv_func_CFLocaleCopyCurrent=no
gt_cv_func_CFPreferencesCopyAppValue=no
gt_cv_func_dgettext_libc=yes
gt_cv_func_dgettext_libintl=no
gt_cv_func_ngettext_libc=yes
gt_cv_have_gettext=yes
lt_cv_ar_at_file=@
lt_cv_archive_cmds_need_lc=no
lt_cv_deplibs_check_method=pass_all
lt_cv_file_magic_cmd='$MAGIC_CMD'
lt_cv_file_magic_test_file=
lt_cv_ld_reload_flag=-r
lt_cv_nm_interface='BSD nm'
lt_cv_objdir=.libs
lt_cv_path_LD=/usr/bin/ld
lt_cv_path_NM='/usr/bin/nm -B'
lt_cv_path_mainfest_tool=no
lt_cv_prog_compiler_c_o=no
lt_cv_prog_compiler_pic='-fPIC -DPIC'
lt_cv_prog_compiler_pic_works=yes
lt_cv_prog_compiler_rtti_exceptions=no
lt_cv_prog_compiler_static_works=yes
lt_cv_prog_gnu_ld=yes
lt_cv_sharedlib_from_linklib_cmd='printf %s\n'
lt_cv_shlibpath_overrides_runpath=yes
lt_cv_sys_global_symbol_pipe='sed -n -e '\''s/^.*[	 ]\([ABCDGIRSTW][ABCDGIRSTW]*\)[	 ][	 ]*\([_A-Za-z][_A-Za-z0-9]*\)$/\1 \2 \2/p'\'' | sed '\''/ __gnu_lto/d'\'''
lt_cv_sys_global_symbol_to_c_name_address='sed -n -e '\''s/^: \(.*\) .*$/  {"\1", (void *) 0},/p'\'' -e '\''s/^[ABCDGIRSTW][ABCDGIRSTW]* .* \(.*\)$/  {"\1", (void *) \&\1},/p'\'''
lt_cv_sys_global_symbol_to_c_name_address_lib_prefix='sed -n -e '\''s/^: \(.*\) .*$/  {"\1", (void *) 0},/p'\'' -e '\''s/^[ABCDGIRSTW][ABCDGIRSTW]* .* \(lib.*\)$/  {"\1", (void *) \&\1},/p'\'' -e '\''s/^[ABCDGIRSTW][ABCDGIRSTW]* .* \(.*\)$/  {"lib\1", (void *) \&\1},/p'\'''
lt_cv_sys_global_symbol_to_cdecl='sed -n -e '\''s/^T .* \(.*\)$/extern int \1();/p'\'' -e '\''s/^[ABCDGIRSTW][ABCDGIRSTW]* .* \(.*\)$/extern char \1;/p'\'''
lt_cv_sys_global_symbol_to_import=
lt_cv_sys_max_cmd_len=1572864
lt_cv_to_host_file_cmd=func_convert_file_noop
lt_cv_to_tool_file_cmd=func_convert_file_noop
lt_cv_truncate_bin='/usr/bin/dd bs=4096 count=1'

## ----------------- ##
## Output variables. ##
## ----------------- ##

A11Y_ENABLED=''
ACLOCAL='${SHELL} '\''/dde/libgnome-2.32.1/missing'\'' aclocal-1.16'
ACLOCAL_AMFLAGS='${ACLOCAL_FLAGS}'
ALL_LINGUAS=''
AMDEPBACKSLASH=''
AMDEP_FALSE=''
AMDEP_TRUE='#'
AMTAR='$${TAR-tar}'
AM_BACKSLASH='\'
AM_DEFAULT_V='$(AM_DEFAULT_VERBOSITY)'
AM_DEFAULT_VERBOSITY='1'
AM_V='$(V)'
AR='ar'
AS='as'
AUTOCONF='${SHELL} '\''/dde/libgnome-2.32.1/missing'\'' autoconf'
AUTOHEADER='${SHELL} '\''/dde/libgnome-2.32.1/missing'\'' autoheader'
AUTOMAKE='${SHELL} '\''/dde/libgnome-2.32.1/missing'\'' automake-1.16'
AWK='/usr/bin/mawk'
CATALOGS=''
CATOBJEXT='.gmo'
CC='gcc'
CCDEPMODE='depmode=none'
CFLAGS='-g -O2 -ffile-prefix-map=/dde/libgnome-2.32.1=. -fstack-protector-strong -Wformat -Werror=format-security -include debian.h'
CPP='gcc -E'
CPPFLAGS='-Wdate-time -D_FORTIFY_SOURCE=2'
CYGPATH_W='echo'
DATADIRNAME='share'
DEFS=''
DEPDIR='.deps'
DLLTOOL='dlltool'
DSYMUTIL=''
DUMPBIN=''
ECHO_C=''
ECHO_N='-n'
ECHO_T=''
EGREP='/usr/bin/grep -E'
ENABLE_GTK_DOC_FALSE=''
ENABLE_GTK_DOC_TRUE=''
ESD_DEPS=' libcanberra >= 0'
EXEEXT=''
FGREP='/usr/bin/grep -F'
GCONFTOOL=''
GCONF_SCHEMAS_INSTALL_FALSE=''
GCONF_SCHEMAS_INSTALL_TRUE=''
GCONF_SCHEMA_CONFIG_SOURCE=''
GCONF_SCHEMA_FILE_DIR=''
GETTEXT_PACKAGE='libgnome-2.0'
GIO_CFLAGS=''
GIO_LIBS=''
GMOFILES=''
GMSGFMT='/usr/bin/msgfmt'
GNOME_VFS_VERSION=''
GREP='/usr/bin/grep'
GTKDOC_CHECK=''
GTKDOC_MKPDF=''
GTKDOC_REBASE=''
GTK_DOC_BUILD_HTML_FALSE=''
GTK_DOC_BUILD_HTML_TRUE=''
GTK_DOC_BUILD_PDF_FALSE=''
GTK_DOC_BUILD_PDF_TRUE=''
GTK_DOC_USE_LIBTOOL_FALSE=''
GTK_DOC_USE_LIBTOOL_TRUE=''
GTK_DOC_USE_REBASE_FALSE=''
GTK_DOC_USE_REBASE_TRUE=''
HTML_DIR=''
INSTALL_DATA='${INSTALL} -m 644'
INSTALL_PROGRAM='${INSTALL}'
INSTALL_SCRIPT='${INSTALL}'
INSTALL_STRIP_PROGRAM='$(install_sh) -c -s'
INSTOBJEXT='.mo'
INTLLIBS=''
INTLTOOL_CAVES_RULE='%.caves:     %.caves.in     $(INTLTOOL_MERGE) $(wildcard $(top_srcdir)/po/*.po) ; LC_ALL=C $(INTLTOOL_MERGE) -d -u -c $(top_builddir)/po/.intltool-merge-cache $(top_srcdir)/po $< $@'
INTLTOOL_DESKTOP_RULE='%.desktop:   %.desktop.in   $(INTLTOOL_MERGE) $(wildcard $(top_srcdir)/po/*.po) ; LC_ALL=C $(INTLTOOL_MERGE) -d -u -c $(top_builddir)/po/.intltool-merge-cache $(top_srcdir)/po $< $@'
INTLTOOL_DIRECTORY_RULE='%.directory: %.directory.in $(INTLTOOL_MERGE) $(wildcard $(top_srcdir)/po/*.po) ; LC_ALL=C $(INTLTOOL_MERGE) -d -u -c $(top_builddir)/po/.intltool-merge-cache $(top_srcdir)/po $< $@'
INTLTOOL_EXTRACT='/usr/bin/intltool-extract'
INTLTOOL_KBD_RULE='%.kbd:       %.kbd.in       $(INTLTOOL_MERGE) $(wildcard $(top_srcdir)/po/*.po) ; LC_ALL=C $(INTLTOOL_MERGE) -x -u -m -c $(top_builddir)/po/.intltool-merge-cache $(top_srcdir)/po $< $@'
INTLTOOL_KEYS_RULE='%.keys:      %.keys.in      $(INTLTOOL_MERGE) $(wildcard $(top_srcdir)/po/*.po) ; LC_ALL=C $(INTLTOOL_MERGE) -k -u -c $(top_builddir)/po/.intltool-merge-cache $(top_srcdir)/po $< $@'
INTLTOOL_MERGE='/usr/bin/intltool-merge'
INTLTOOL_OAF_RULE='%.oaf:       %.oaf.in       $(INTLTOOL_MERGE) $(wildcard $(top_srcdir)/po/*.po) ; LC_ALL=C $(INTLTOOL_MERGE) -o -p $(top_srcdir)/po $< $@'
INTLTOOL_PERL='/usr/bin/perl'
INTLTOOL_POLICY_RULE='%.policy:    %.policy.in    $(INTLTOOL_MERGE) $(wildcard $(top_srcdir)/po/*.po) ; LC_ALL=C $(INTLTOOL_MERGE) -x -u -c $(top_builddir)/po/.intltool-merge-cache $(top_srcdir)/po $< $@'
INTLTOOL_PONG_RULE='%.pong:      %.pong.in      $(INTLTOOL_MERGE) $(wildcard $(top_srcdir)/po/*.po) ; LC_ALL=C $(INTLTOOL_MERGE) -x -u -c $(top_builddir)/po/.intltool-merge-cache $(top_srcdir)/po $< $@'
INTLTOOL_PROP_RULE='%.prop:      %.prop.in      $(INTLTOOL_MERGE) $(wildcard $(top_srcdir)/po/*.po) ; LC_ALL=C $(INTLTOOL_MERGE) -d -u -c $(top_builddir)/po/.intltool-merge-cache $(top_srcdir)/po $< $@'
INTLTOOL_SCHEMAS_RULE='%.schemas:   %.schemas.in   $(INTLTOOL_MERGE) $(wildcard $(top_srcdir)/po/*.po) ; LC_ALL=C $(INTLTOOL_MERGE) -s -u -c $(top_builddir)/po/.intltool-merge-cache $(top_srcdir)/po $< $@'
INTLTOOL_SERVER_RULE='%.server:    %.server.in    $(INTLTOOL_MERGE) $(wildcard $(top_srcdir)/po/*.po) ; LC_ALL=C $(INTLTOOL_MERGE) -o -u -c $(top_builddir)/po/.intltool-merge-cache $(top_srcdir)/po $< $@'
INTLTOOL_SERVICE_RULE='%.service: %.service.in   $(INTLTOOL_MERGE) $(wildcard $(top_srcdir)/po/*.po) ; LC_ALL=C $(INTLTOOL_MERGE) -d -u -c $(top_builddir)/po/.intltool-merge-cache $(top_srcdir)/po $< $@'
INTLTOOL_SHEET_RULE='%.sheet:     %.sheet.in     $(INTLTOOL_MERGE) $(wildcard $(top_srcdir)/po/*.po) ; LC_ALL=C $(INTLTOOL_MERGE) -x -u -c $(top_builddir)/po/.intltool-merge-cache $(top_srcdir)/po $< $@'
INTLTOOL_SOUNDLIST_RULE='%.soundlist: %.soundlist.in $(INTLTOOL_MERGE) $(wildcard $(top_srcdir)/po/*.po) ; LC_ALL=C $(INTLTOOL_MERGE) -d -u -c $(top_builddir)/po/.intltool-merge-cache $(top_srcdir)/po $< $@'
INTLTOOL_THEME_RULE='%.theme:     %.theme.in     $(INTLTOOL_MERGE) $(wildcard $(top_srcdir)/po/*.po) ; LC_ALL=C $(INTLTOOL_MERGE) -d -u -c $(top_builddir)/po/.intltool-merge-cache $(top_srcdir)/po $< $@'
INTLTOOL_UI_RULE='%.ui:        %.ui.in        $(INTLTOOL_MERGE) $(wildcard $(top_srcdir)/po/*.po) ; LC_ALL=C $(INTLTOOL_MERGE) -x -u -c $(top_builddir)/po/.intltool-merge-cache $(top_srcdir)/po $< $@'
INTLTOOL_UPDATE='/usr/bin/intltool-update'
INTLTOOL_XAM_RULE='%.xam:       %.xml.in       $(INTLTOOL_MERGE) $(wildcard $(top_srcdir)/po/*.po) ; LC_ALL=C $(INTLTOOL_MERGE) -x -u -c $(top_builddir)/po/.intltool-merge-cache $(top_srcdir)/po $< $@'
INTLTOOL_XML_NOMERGE_RULE='%.xml:       %.xml.in       $(INTLTOOL_MERGE) ; LC_ALL=C $(INTLTOOL_MERGE) -x -u /tmp $< $@'
INTLTOOL_XML_RULE='%.xml:       %.xml.in       $(INTLTOOL_MERGE) $(wildcard $(top_srcdir)/po/*.po) ; LC_ALL=C $(INTLTOOL_MERGE) -x -u -c $(top_builddir)/po/.intltool-merge-cache $(top_srcdir)/po $< $@'
INTL_MACOSX_LIBS=''
LD='/usr/bin/ld -m elf_x86_64'
LDFLAGS='-Wl,-z,relro -Wl,-z,defs -Wl,-O1 -Wl,--as-needed'
LIBGNOME_AGE='3200'
LIBGNOME_CFLAGS=''
LIBGNOME_CURRENT='3200'
LIBGNOME_LIBS=''
LIBGNOME_REVISION='1'
LIBOBJS=''
LIBS=''
LIBTOOL='$(SHELL) $(top_builddir)/libtool'
LIPO=''
LN_S='ln -s'
LTLIBOBJS=''
LT_SYS_LIBRARY_PATH=''
MAINT='#'
MAINTAINER_MODE_FALSE=''
MAINTAINER_MODE_TRUE='#'
MAKEINFO='${SHELL} '\''/dde/libgnome-2.32.1/missing'\'' makeinfo'
MANIFEST_TOOL=':'
MKDIR_P='/usr/bin/mkdir -p'
MKINSTALLDIRS='./mkinstalldirs'
MSGFMT='/usr/bin/msgfmt'
MSGFMT_OPTS='-c'
MSGMERGE='/usr/bin/msgmerge'
NM='/usr/bin/nm -B'
NMEDIT=''
OBJDUMP='objdump'
OBJEXT='o'
OS_WIN32_FALSE=''
OS_WIN32_TRUE='#'
OTOOL64=''
OTOOL=''
PACKAGE='libgnome'
PACKAGE_BUGREPORT='http://bugzilla.gnome.org/enter_bug.cgi?product=libgnome'
PACKAGE_NAME='libgnome'
PACKAGE_STRING='libgnome 2.32.1'
PACKAGE_TARNAME='libgnome'
PACKAGE_URL=''
PACKAGE_VERSION='2.32.1'
PATH_SEPARATOR=':'
PERL='/usr/bin/perl'
PKG_CONFIG='/usr/bin/pkg-config'
PKG_CONFIG_LIBDIR=''
PKG_CONFIG_PATH=''
POFILES=''
POSUB='po'
PO_IN_DATADIR_FALSE=''
PO_IN_DATADIR_TRUE=''
RANLIB='ranlib'
REBUILD=''
SED='/usr/bin/sed'
SET_MAKE=''
SHELL='/bin/bash'
SOPREFIX='lib'
STRIP='strip'
USE_NLS='yes'
VERSION='2.32.1'
XGETTEXT='/usr/bin/xgettext'
ac_ct_AR='ar'
ac_ct_CC='gcc'
ac_ct_DUMPBIN=''
am__EXEEXT_FALSE=''
am__EXEEXT_TRUE=''
am__fastdepCC_FALSE=''
am__fastdepCC_TRUE='#'
am__include='include'
am__isrc=''
am__leading_dot='.'
am__nodep=''
am__quote=''
am__tar='$${TAR-tar} chof - "$$tardir"'
am__untar='$${TAR-tar} xf -'
bindir='${exec_prefix}/bin'
build='x86_64-pc-linux-gnu'
build_alias='x86_64-linux-gnu'
build_cpu='x86_64'
build_os='linux-gnu'
build_vendor='pc'
datadir='${datarootdir}'
datarootdir='${prefix}/share'
docdir='${datarootdir}/doc/${PACKAGE_TARNAME}'
dvidir='${docdir}'
exec_prefix='NONE'
host='x86_64-pc-linux-gnu'
host_alias=''
host_cpu='x86_64'
host_os='linux-gnu'
host_vendor='pc'
htmldir='${docdir}'
includedir='${prefix}/include'
infodir='${prefix}/share/info'
install_sh='${SHELL} /dde/libgnome-2.32.1/install-sh'
libdir='${prefix}/lib/x86_64-linux-gnu'
libexecdir='${prefix}/lib/libgnome'
localedir='${datarootdir}/locale'
localstatedir='/var'
mandir='${prefix}/share/man'
mkdir_p='$(MKDIR_P)'
oldincludedir='/usr/include'
pdfdir='${docdir}'
prefix='/usr'
program_transform_name='s,x,x,'
psdir='${docdir}'
runstatedir='${localstatedir}/run'
sbindir='${exec_prefix}/sbin'
sharedstatedir='${prefix}/com'
sysconfdir='/etc'
target_alias=''

## ----------- ##
## confdefs.h. ##
## ----------- ##

/* confdefs.h */
#define PACKAGE_NAME "libgnome"
#define PACKAGE_TARNAME "libgnome"
#define PACKAGE_VERSION "2.32.1"
#define PACKAGE_STRING "libgnome 2.32.1"
#define PACKAGE_BUGREPORT "http://bugzilla.gnome.org/enter_bug.cgi?product=libgnome"
#define PACKAGE_URL ""
#define PACKAGE "libgnome"
#define VERSION "2.32.1"
#define STDC_HEADERS 1
#define HAVE_SYS_TYPES_H 1
#define HAVE_SYS_STAT_H 1
#define HAVE_STDLIB_H 1
#define HAVE_STRING_H 1
#define HAVE_MEMORY_H 1
#define HAVE_STRINGS_H 1
#define HAVE_INTTYPES_H 1
#define HAVE_STDINT_H 1
#define HAVE_UNISTD_H 1
#define HAVE_DLFCN_H 1
#define LT_OBJDIR ".libs/"
#define HAVE_SETENV 1
#define HAVE_UNSETENV 1
#define HAVE_CLEARENV 1
#define HAVE_SETFSGID 1
#define HAVE_SYS_FSUID_H 1
#define HAVE_BIND_TEXTDOMAIN_CODESET 1
#define GETTEXT_PACKAGE "libgnome-2.0"
#define HAVE_LOCALE_H 1
#define HAVE_LC_MESSAGES 1
#define HAVE_BIND_TEXTDOMAIN_CODESET 1
#define HAVE_GETTEXT 1
#define HAVE_DCGETTEXT 1
#define ENABLE_NLS 1
#define HAVE_CANBERRA 1

configure: exit 1
